2 1
3 2
4 1
5 0
4 3
5 4
6 5
left top 5 0
2 1
3 2
4 3
5 2
6 1
5 4
6 5
left top 5 4
Solved A
2 1
3 2
4 3
5 4
6 5
7 6
8 7
9 8
10 9
11 8
12 7
13 6
14 5
11 10
12 11
13 12
14 13
left top 0 10
2 1
3 2
4 3
5 4
6 5
7 6
8 7
9 8
10 9
11 8
12 7
13 6
14 5
11 10
12 11
13 12
14 13
left top 0 20
2 1
3 2
4 3
5 4
6 5
7 6
8 7
9 8
10 9
left top 0 30
2 1
3 2
4 3
5 4
6 5
7 6
8 7
9 8
10 9
11 10
12 11
13 12
14 13
left top 10 30
2 1
3 2
4 3
5 4
6 5
7 6
8 7
9 8
10 9
11 10
12 11
13 12
14 13
left top 16 30
2 1
3 0
4 -1
3 2
4 3
5 4
6 5
7 6
8 7
left top 16 32
2 1
3 2
4 3
5 4
6 5
7 6
8 5
9 4
10 3
8 7
9 8
10 9
left top 16 39
2 1
3 2
4 3
5 4
6 5
7 6
8 7
9 8
10 9
left top 28 39
2 1
3 0
4 -1
3 2
4 3
5 4
6 5
left top 28 41
2 1
3 2
4 3
5 4
6 5
7 6
8 5
8 7
9 8
10 9
11 10
12 11
left top 28 41
2 1
3 2
4 3
5 4
6 5
left top 35 41
2 1
3 2
4 3
5 4
6 5
7 6
8 7
9 8
10 9
11 10
12 11
left top 35 53
2 1
3 2
4 3
5 4
6 5
7 4
8 3
7 6
8 7
left top 35 53
2 1
3 2
4 3
5 2
5 4
6 5
7 6
8 7
9 6
10 5
9 8
10 9
left top 35 61
2 1
3 0
3 2
4 3
5 4
6 5
left top 48 61
2 1
3 2
4 3
5 4
6 5
7 6
8 7
9 8
10 7
11 6
10 9
11 10
12 11
left top 60 61
2 1
3 2
4 1
5 0
6 -1
4 3
5 4
6 5
7 6
8 7
9 8
10 9
11 10
12 11
13 10
14 9
15 8
16 7
13 12
14 13
15 14
16 15
left top 60 64
2 1
3 2
4 3
5 4
6 5
7 6
8 7
9 8
10 7
10 9
left top 60 73
2 1
3 2
4 3
5 4
6 5
left top 60 79
2 1
3 2
4 3
5 4
6 5
7 6
8 7
9 8
10 9
11 10
12 11
13 10
14 9
13 12
14 13
left top 60 91
2 1
3 2
4 3
5 4
6 5
7 6
8 7
9 8
10 9
left top 72 91
2 1
3 2
4 3
5 4
6 5
7 6
8 5
8 7
left top 72 98
2 1
3 2
4 3
5 4
6 5
7 6
8 7
left top 83 98
2 1
3 2
4 3
5 4
6 5
7 6
8 7
9 8
10 9
left top 93 98
2 1
3 2
4 3
5 4
6 5
7 6
8 5
9 4
10 3
8 7
9 8
10 9
11 10
12 11
13 12
14 13
15 14
16 15
left top 93 114
2 1
3 2
4 3
5 4
6 5
7 6
8 7
9 8
10 9
11 10
12 11
13 12
14 13
15 14
16 15
left top 107 114
2 1
3 2
4 3
5 4
6 5
7 6
8 7
9 8
10 9
11 10
12 11
13 12
14 11
14 13
left top 107 127
2 1
3 0
4 -1
3 2
4 3
5 4
6 5
7 6
8 7
9 8
10 9
11 10
12 11
left top 107 129
2 1
3 2
4 3
5 4
6 5
7 6
8 7
9 8
10 9
11 10
12 11
13 12
14 13
15 14
16 15
left top 119 129
2 1
3 2
4 3
5 4
6 5
7 6
8 7
9 8
10 7
10 9
left top 119 138
2 1
3 2
4 3
5 4
6 5
7 6
8 7
left top 130 138
2 1
3 2
4 1
5 0
6 -1
4 3
5 4
6 5
7 6
8 7
9 8
10 9
11 10
12 11
left top 130 141
2 1
3 2
4 3
5 4
6 5
7 6
8 7
9 8
10 9
11 10
12 11
13 12
14 13
left top 138 141
2 1
3 2
4 3
5 4
6 5
left top 146 141
2 1
3 2
4 3
5 2
5 4
6 5
left top 148 141
2 1
3 2
4 3
5 4
6 5
7 6
8 7
9 8
10 9
left top 148 141
2 1
3 2
4 3
5 4
6 5
7 6
8 7
9 8
10 9
11 10
12 11
left top 148 141
2 1
3 2
4 1
5 0
4 3
5 4
6 5
7 6
8 7
9 8
10 9
11 10
12 11
13 10
14 9
13 12
14 13
left top 148 153
2 1
3 2
4 3
5 2
6 1
7 0
8 -1
5 4
6 5
7 6
8 7
9 8
10 7
10 9
11 10
12 11
left top 148 157
2 1
3 2
4 3
5 4
6 5
7 6
8 7
9 8
10 9
left top 152 157
2 1
3 2
4 3
5 4
6 5
7 4
8 3
9 2
10 1
7 6
8 7
9 8
10 9
left top 152 163
2 1
3 2
4 3
5 2
6 1
7 0
5 4
6 5
7 6
8 7
9 8
10 9
11 10
12 11
left top 157 163
2 1
3 2
4 3
5 4
6 5
7 6
8 7
9 8
10 9
left top 157 173
2 1
3 2
4 3
5 4
6 5
left top 163 173
2 1
3 2
4 3
5 4
6 5
7 6
8 7
left top 165 173
2 1
3 2
4 3
5 4
6 5
left top 175 173
2 1
3 2
4 3
5 4
6 5
7 6
8 7
left top 175 173
2 1
3 2
4 3
5 4
6 5
7 6
8 7
9 8
10 9
11 10
12 11
left top 175 173
2 1
3 2
4 3
5 4
6 5
7 6
8 7
9 6
10 5
11 4
12 3
9 8
10 9
11 10
12 11
left top 189 173
2 1
3 2
4 3
5 4
6 5
7 6
8 7
9 8
10 9
11 10
12 11
13 12
14 13
left top 189 187
2 1
3 2
4 3
5 4
6 3
7 2
8 1
9 0
10 -1
6 5
7 6
8 7
9 8
10 9
11 10
12 11
13 12
14 13
left top 189 192
2 1
3 2
4 3
5 4
6 5
7 6
8 7
left top 189 200
2 1
3 2
4 3
5 4
6 5
7 6
8 7
9 8
10 7
11 6
12 5
10 9
11 10
12 11
left top 189 209
2 1
3 2
4 3
5 4
6 5
7 6
8 7
9 8
10 7
11 6
12 5
10 9
11 10
12 11
left top 189 218
2 1
3 0
4 -1
3 2
4 3
5 4
6 5
7 6
8 7
9 8
10 9
left top 189 220
2 1
3 2
4 3
5 4
6 5
7 6
8 7
left top 195 220
2 1
3 2
4 3
5 4
6 5
7 6
8 7
left top 195 228
2 1
3 2
4 3
5 4
6 5
7 6
8 7
left top 202 228
2 1
3 2
4 3
5 4
6 5
7 6
8 7
9 8
10 9
11 10
12 11
13 12
14 13
15 14
16 15
left top 210 228
2 1
3 2
4 3
5 4
6 5
7 6
8 7
9 8
10 9
11 10
12 11
13 10
14 9
13 12
14 13
left top 210 240
2 1
3 2
4 1
5 0
6 -1
4 3
5 4
6 5
7 6
8 7
9 8
10 9
11 10
12 11
13 12
14 11
14 13
left top 210 243
2 1
3 2
4 3
5 4
6 5
7 6
8 5
9 4
10 3
11 2
12 1
8 7
9 8
10 9
11 10
12 11
13 12
14 13
left top 210 257
2 1
3 2
4 3
5 4
6 3
7 2
8 1
9 0
6 5
7 6
8 7
9 8
10 9
11 10
12 11
13 10
14 9
13 12
14 13
left top 210 269
2 1
3 2
4 3
5 4
6 5
7 6
8 7
9 8
10 9
11 8
12 7
13 6
14 5
11 10
12 11
13 12
14 13
left top 210 279
2 1
3 2
4 1
5 0
6 -1
4 3
5 4
6 5
7 6
8 7
9 6
9 8
10 9
left top 210 282
2 1
3 0
4 -1
3 2
4 3
5 4
6 5
7 6
8 7
9 8
10 9
left top 210 284
2 1
3 2
4 3
5 4
6 5
7 6
8 5
9 4
10 3
11 2
12 1
13 0
14 -1
8 7
9 8
10 9
11 10
12 11
13 12
14 13
15 14
16 15
left top 210 291
2 1
3 2
4 3
5 4
6 5
7 6
8 7
9 8
10 9
11 10
12 11
left top 210 291
2 1
3 2
4 1
5 0
6 -1
4 3
5 4
6 5
7 6
8 7
9 6
9 8
10 9
left top 210 294
2 1
3 2
4 3
5 4
6 5
7 6
8 7
9 8
10 9
11 10
12 11
13 12
14 11
14 13
left top 210 308
2 1
3 2
4 3
5 4
6 5
7 6
8 7
9 8
10 7
11 6
12 5
10 9
11 10
12 11
left top 210 317
2 1
3 2
4 3
5 4
6 5
7 6
8 7
9 8
10 9
left top 224 317
2 1
3 0
4 -1
3 2
4 3
5 4
6 5
7 6
8 7
9 6
9 8
10 9
11 10
12 11
left top 224 319
2 1
3 2
4 3
5 4
6 5
7 6
8 7
9 8
10 9
11 10
12 9
13 8
14 7
15 6
16 5
12 11
13 12
14 13
15 14
16 15
left top 224 330
2 1
3 2
4 3
5 4
6 5
7 6
8 7
9 8
10 9
11 10
12 11
13 12
14 13
left top 227 330
2 1
3 2
4 1
4 3
5 4
6 5
7 6
8 7
9 8
10 9
11 10
12 11
13 12
14 13
left top 227 344
2 1
3 2
4 3
5 2
6 1
7 0
8 -1
5 4
6 5
7 6
8 7
9 8
10 9
11 10
12 11
left top 227 348
2 1
3 2
4 3
5 4
6 3
6 5
7 6
8 7
left top 236 348
2 1
3 2
4 3
5 4
6 5
7 6
8 7
left top 236 356
2 1
3 2
4 3
5 4
6 5
left top 243 356
2 1
3 2
4 3
5 4
6 5
7 6
8 7
9 8
10 9
11 10
12 11
13 12
14 13
15 14
16 15
left top 250 356
2 1
3 2
4 3
5 4
6 5
7 6
8 5
9 4
10 3
11 2
12 1
13 0
8 7
9 8
10 9
11 10
12 11
13 12
14 13
left top 250 370
2 1
3 0
4 -1
3 2
4 3
5 4
6 5
7 6
8 7
9 8
10 9
11 8
12 7
13 6
14 5
15 4
11 10
12 11
13 12
14 13
15 14
16 15
left top 250 372
2 1
3 2
4 1
5 0
4 3
5 4
6 5
left top 258 372
2 1
3 2
4 3
5 4
6 3
6 5
left top 258 377
2 1
3 2
4 3
5 4
6 5
7 6
8 7
9 8
10 7
11 6
12 5
10 9
11 10
12 11
left top 258 386
2 1
3 2
4 3
5 4
6 5
7 6
8 7
9 8
10 9
11 10
12 11
13 12
14 13
left top 261 386
2 1
3 2
4 1
5 0
4 3
5 4
6 5
7 6
8 7
left top 264 386
2 1
3 2
4 3
5 2
6 1
5 4
6 5
left top 270 386
2 1
3 0
4 -1
3 2
4 3
5 4
6 5
7 6
8 7
9 8
10 9
left top 270 388
2 1
3 2
4 3
5 4
6 5
7 6
8 7
9 8
10 9
11 10
12 11
13 12
14 13
15 12
15 14
16 15
left top 270 388
2 1
3 2
4 1
5 0
6 -1
4 3
5 4
6 5
7 6
8 7
9 8
10 7
10 9
left top 270 391
2 1
3 2
4 3
5 4
6 5
7 6
8 7
left top 273 391
2 1
3 2
4 3
5 4
6 5
7 6
8 5
8 7
left top 278 391
2 1
3 2
4 3
5 4
6 5
left top 286 391
2 1
3 2
4 3
5 4
6 5
7 6
8 7
9 8
10 9
left top 298 391
2 1
3 2
4 3
5 4
6 5
7 6
8 7
9 8
10 7
10 9
left top 298 400
2 1
3 2
4 3
5 4
6 5
7 6
8 7
9 8
10 9
11 10
12 11
13 12
14 13
15 14
16 13
16 15
left top 298 415
2 1
3 2
4 3
5 4
6 5
left top 310 415
2 1
3 2
4 3
5 4
6 5
7 6
8 7
9 8
10 9
11 10
12 11
13 12
14 13
left top 310 429
aocd will not submit that answer again. At 2023-12-13 00:21:41.558392-05:00 you've previously submitted 43210 and the server responded with:
[31mThat's not the right answer.  If you're stuck, make sure you're using the full input data; there are also some general tips on the about page, or you can ask for hints on the subreddit.  Please wait one minute before trying again. [Return to Day 13][0m
